<?xml version="1.0" encoding="UTF-8"?>
<!-- Generated by org.testng.reporters.JUnitReportReporter -->
<testsuite hostname="DESKTOP-9NRIQ1G" failures="0" tests="2" name="com.pumo.testclass.Search_Products_Test2" time="124.829" errors="0" timestamp="2024-04-08T10:58:17 IST" skipped="0">
  <testcase classname="com.pumo.testclass.Search_Products_Test2" name="Europe_Girl_Blusher_palette" time="62.457"/>
  <testcase classname="com.pumo.testclass.Search_Products_Test2" name="SWISS_BEAUTY_Matte_Lip" time="62.372"/>
  <system-out>
    <![CDATA[Browser open
Enter URL
Login Successfull
Log Out Account
Browser Close
Browser open
Enter URL
Login Successfull
Log Out Account
Browser Close]]>
  </system-out>
</testsuite> <!-- com.pumo.testclass.Search_Products_Test2 -->
