<?xml version="1.0" encoding="UTF-8"?>
<!-- Generated by org.testng.reporters.JUnitReportReporter -->
<testsuite hostname="DESKTOP-9NRIQ1G" failures="0" tests="2" name="com.pumo.testclass.FirstPage_Products_Test" time="117.523" errors="0" timestamp="2024-04-08T11:25:58 IST" skipped="0">
  <testcase classname="com.pumo.testclass.FirstPage_Products_Test" name="Eyebrow_pencil" time="57.385"/>
  <testcase classname="com.pumo.testclass.FirstPage_Products_Test" name="Hair_Lacquer_Spray" time="60.138"/>
  <system-out>
    <![CDATA[Browser open
Enter URL
Login Successfull
Log Out Account
Browser Close
Browser open
Enter URL
Login Successfull
Log Out Account
Browser Close]]>
  </system-out>
</testsuite> <!-- com.pumo.testclass.FirstPage_Products_Test -->
