<?xml version="1.0" encoding="UTF-8"?>
<!-- Generated by org.testng.reporters.JUnitReportReporter -->
<testsuite hostname="DESKTOP-9NRIQ1G" failures="0" tests="2" name="com.pumo.testclass.Thirdpage_products_Test" time="122.638" errors="0" timestamp="2024-04-08T11:41:27 IST" skipped="0">
  <testcase classname="com.pumo.testclass.Thirdpage_products_Test" name="UCANBE_Versatility_Shaping" time="58.108"/>
  <testcase classname="com.pumo.testclass.Thirdpage_products_Test" name="Lakyou_beauty_30" time="64.530"/>
  <system-out>
    <![CDATA[Browser open
Enter URL
Login Successfull
Log Out Account
Browser Close
Browser open
Enter URL
Login Successfull
Log Out Account
Browser Close]]>
  </system-out>
</testsuite> <!-- com.pumo.testclass.Thirdpage_products_Test -->
