<?xml version="1.0" encoding="UTF-8"?>
<!-- Generated by org.testng.reporters.JUnitReportReporter -->
<testsuite hostname="DESKTOP-9NRIQ1G" failures="0" tests="2" name="com.pumo.testclass.fourthpage_products_Test" time="122.624" errors="0" timestamp="2024-04-08T11:51:49 IST" skipped="0">
  <testcase classname="com.pumo.testclass.fourthpage_products_Test" name="SWISS_BEAUTY_Matte_Lip_Pallete" time="58.139"/>
  <testcase classname="com.pumo.testclass.fourthpage_products_Test" name="HANDAIYAN_4_Colors_Matte" time="64.485"/>
  <system-out>
    <![CDATA[Browser open
Enter URL
Login Successfull
Log Out Account
Browser Close
Browser open
Enter URL
Login Successfull
Log Out Account
Browser Close]]>
  </system-out>
</testsuite> <!-- com.pumo.testclass.fourthpage_products_Test -->
