<?xml version="1.0" encoding="UTF-8"?>
<!-- Generated by org.testng.reporters.JUnitReportReporter -->
<testsuite hostname="DESKTOP-9NRIQ1G" failures="0" tests="2" name="com.pumo.testclass.SecondPage_Product_Test" time="130.434" errors="0" timestamp="2024-04-08T11:33:44 IST" skipped="0">
  <testcase classname="com.pumo.testclass.SecondPage_Product_Test" name="Imagic36_Eyeshadow" time="61.894"/>
  <testcase classname="com.pumo.testclass.SecondPage_Product_Test" name="DElanciTenderPalette" time="68.540"/>
  <system-out>
    <![CDATA[Browser open
Enter URL
Login Successfull
Log Out Account
Browser Close
Browser open
Enter URL
Login Successfull
Log Out Account
Browser Close]]>
  </system-out>
</testsuite> <!-- com.pumo.testclass.SecondPage_Product_Test -->
