<?xml version="1.0" encoding="UTF-8"?>
<!-- Generated by org.testng.reporters.JUnitReportReporter -->
<testsuite hostname="DESKTOP-9NRIQ1G" failures="0" tests="2" name="com.pumo.testclass.Search_Products_Test1" time="123.008" errors="0" timestamp="2024-04-19T18:41:05 IST" skipped="0">
  <testcase classname="com.pumo.testclass.Search_Products_Test1" name="INSHINE_Lipstick" time="61.654"/>
  <system-out/>
  <testcase classname="com.pumo.testclass.Search_Products_Test1" name="lakyou_beauty_25" time="61.354"/>
  <system-out/>
</testsuite> <!-- com.pumo.testclass.Search_Products_Test1 -->
